#
# There is insufficient memory for the Java Runtime Environment to continue.
# Native memory allocation (malloc) failed to allocate 1051088 bytes for Chunk::new
# Possible reasons:
#   The system is out of physical RAM or swap space
#   The process is running with CompressedOops enabled, and the Java Heap may be blocking the growth of the native heap
# Possible solutions:
#   Reduce memory load on the system
#   Increase physical memory or swap space
#   Check if swap backing store is full
#   Decrease Java heap size (-Xmx/-Xms)
#   Decrease number of Java threads
#   Decrease Java thread stack sizes (-Xss)
#   Set larger code cache with -XX:ReservedCodeCacheSize=
#   JVM is running with Unscaled Compressed Oops mode in which the Java heap is
#     placed in the first 4GB address space. The Java Heap base address is the
#     maximum limit for the native heap growth. Please use -XX:HeapBaseMinAddress
#     to set the Java Heap base and to place the Java Heap above 4GB virtual address.
# This output file may be truncated or incomplete.
#
#  Out of Memory Error (arena.cpp:168), pid=18928, tid=2924
#
# JRE version: Java(TM) SE Runtime Environment (21.0.10+8) (build 21.0.10+8-LTS-217)
# Java VM: Java HotSpot(TM) 64-Bit Server VM (21.0.10+8-LTS-217, mixed mode, sharing, tiered, compressed oops, compressed class ptrs, g1 gc, windows-amd64)
# No core dump will be written. Minidumps are not enabled by default on client versions of Windows
#

---------------  S U M M A R Y ------------

Command Line: C:\Users\sowmi\AppData\Local\Temp\surefire12046202209100851268\surefirebooter-20260604190813444_3.jar C:\Users\sowmi\AppData\Local\Temp\surefire12046202209100851268 2026-06-04T19-08-12_550-jvmRun1 surefire-20260604190813444_1tmp surefire_0-20260604190813444_2tmp

Host: Intel(R) Core(TM) i3-7020U CPU @ 2.30GHz, 4 cores, 3G,  Windows 10 , 64 bit Build 19041 (10.0.19041.5915)
Time: Thu Jun  4 19:08:42 2026 India Standard Time elapsed time: 27.714095 seconds (0d 0h 0m 27s)

---------------  T H R E A D  ---------------

Current thread (0x00000211ec19b390):  JavaThread "C2 CompilerThread0" daemon [_thread_in_native, id=2924, stack(0x000000a939900000,0x000000a939a00000) (1024K)]


Current CompileTask:
C2:  27714 5844       4       org.springframework.core.BridgeMethodResolver::resolveBridgeMethod (180 bytes)

Stack: [0x000000a939900000,0x000000a939a00000]
Native frames: (J=compiled Java code, j=interpreted, Vv=VM code, C=native code)
V  [jvm.dll+0x6d0b59]
V  [jvm.dll+0x85fd56]
V  [jvm.dll+0x86224e]
V  [jvm.dll+0x862923]
V  [jvm.dll+0x282a16]
V  [jvm.dll+0xc662d]
V  [jvm.dll+0xc6b71]
V  [jvm.dll+0x3bbb5b]
V  [jvm.dll+0x387fd2]
V  [jvm.dll+0x38741a]
V  [jvm.dll+0x24b370]
V  [jvm.dll+0x24a94f]
V  [jvm.dll+0x1cacfe]
V  [jvm.dll+0x25a629]
V  [jvm.dll+0x258bb5]
V  [jvm.dll+0x3f4da1]
V  [jvm.dll+0x80a83d]
V  [jvm.dll+0x6cf3fd]
C  [ucrtbase.dll+0x21bb2]
C  [KERNEL32.DLL+0x17374]
C  [ntdll.dll+0x4cc91]


---------------  P R O C E S S  ---------------

Threads class SMR info:
_java_thread_list=0x00000211f3871640, length=15, elements={
0x00000211cf2ffbe0, 0x00000211d15bd920, 0x00000211d15be840, 0x00000211ec197ec0,
0x00000211ec198920, 0x00000211ec199ba0, 0x00000211ec19a600, 0x00000211ec19b390,
0x00000211ec1c3900, 0x00000211ec3f0110, 0x00000211ec3f1d90, 0x00000211ec967630,
0x00000211ec5a4270, 0x00000211f17187c0, 0x00000211f2c9cd50
}

Java Threads: ( => current thread )
  0x00000211cf2ffbe0 JavaThread "main"                              [_thread_in_native, id=2944, stack(0x000000a938b00000,0x000000a938c00000) (1024K)]
  0x00000211d15bd920 JavaThread "Reference Handler"          daemon [_thread_blocked, id=15244, stack(0x000000a939300000,0x000000a939400000) (1024K)]
  0x00000211d15be840 JavaThread "Finalizer"                  daemon [_thread_blocked, id=3868, stack(0x000000a939400000,0x000000a939500000) (1024K)]
  0x00000211ec197ec0 JavaThread "Signal Dispatcher"          daemon [_thread_blocked, id=17492, stack(0x000000a939500000,0x000000a939600000) (1024K)]
  0x00000211ec198920 JavaThread "Attach Listener"            daemon [_thread_blocked, id=15700, stack(0x000000a939600000,0x000000a939700000) (1024K)]
  0x00000211ec199ba0 JavaThread "Service Thread"             daemon [_thread_blocked, id=17208, stack(0x000000a939700000,0x000000a939800000) (1024K)]
  0x00000211ec19a600 JavaThread "Monitor Deflation Thread"   daemon [_thread_blocked, id=11276, stack(0x000000a939800000,0x000000a939900000) (1024K)]
=>0x00000211ec19b390 JavaThread "C2 CompilerThread0"         daemon [_thread_in_native, id=2924, stack(0x000000a939900000,0x000000a939a00000) (1024K)]
  0x00000211ec1c3900 JavaThread "C1 CompilerThread0"         daemon [_thread_blocked, id=17788, stack(0x000000a939a00000,0x000000a939b00000) (1024K)]
  0x00000211ec3f0110 JavaThread "Notification Thread"        daemon [_thread_blocked, id=18128, stack(0x000000a939b00000,0x000000a939c00000) (1024K)]
  0x00000211ec3f1d90 JavaThread "Common-Cleaner"             daemon [_thread_blocked, id=15252, stack(0x000000a939c00000,0x000000a939d00000) (1024K)]
  0x00000211ec967630 JavaThread "surefire-forkedjvm-stream-flusher" daemon [_thread_blocked, id=22032, stack(0x000000a939d00000,0x000000a939e00000) (1024K)]
  0x00000211ec5a4270 JavaThread "surefire-forkedjvm-command-thread" daemon [_thread_in_native, id=19508, stack(0x000000a939e00000,0x000000a939f00000) (1024K)]
  0x00000211f17187c0 JavaThread "mysql-cj-abandoned-connection-cleanup" daemon [_thread_blocked, id=18124, stack(0x000000a93a200000,0x000000a93a300000) (1024K)]
  0x00000211f2c9cd50 JavaThread "HikariPool-1:housekeeper"   daemon [_thread_blocked, id=21732, stack(0x000000a93a400000,0x000000a93a500000) (1024K)]
Total: 15

Other Threads:
  0x00000211d15a9620 VMThread "VM Thread"                           [id=22016, stack(0x000000a939200000,0x000000a939300000) (1024K)]
  0x00000211d159d580 WatcherThread "VM Periodic Task Thread"        [id=21960, stack(0x000000a939100000,0x000000a939200000) (1024K)]
  0x00000211d1524e00 WorkerThread "GC Thread#0"                     [id=2036, stack(0x000000a938c00000,0x000000a938d00000) (1024K)]
  0x00000211eca977f0 WorkerThread "GC Thread#1"                     [id=8296, stack(0x000000a939f00000,0x000000a93a000000) (1024K)]
  0x00000211ecaa4400 WorkerThread "GC Thread#2"                     [id=3632, stack(0x000000a93a000000,0x000000a93a100000) (1024K)]
  0x00000211ecaa47b0 WorkerThread "GC Thread#3"                     [id=9436, stack(0x000000a93a100000,0x000000a93a200000) (1024K)]
  0x00000211d152da70 ConcurrentGCThread "G1 Main Marker"            [id=14500, stack(0x000000a938d00000,0x000000a938e00000) (1024K)]
  0x00000211d152e580 WorkerThread "G1 Conc#0"                       [id=2352, stack(0x000000a938e00000,0x000000a938f00000) (1024K)]
  0x00000211d15863d0 ConcurrentGCThread "G1 Refine#0"               [id=22168, stack(0x000000a938f00000,0x000000a939000000) (1024K)]
  0x00000211d1586f50 ConcurrentGCThread "G1 Service"                [id=18388, stack(0x000000a939000000,0x000000a939100000) (1024K)]
Total: 10

Threads with active compile tasks:
C2 CompilerThread0    27790 5844       4       org.springframework.core.BridgeMethodResolver::resolveBridgeMethod (180 bytes)
Total: 1

VM state: not at safepoint (normal execution)

VM Mutex/Monitor currently owned by a thread: None

Heap address: 0x00000000c1c00000, size: 996 MB, Compressed Oops mode: 32-bit

CDS archive(s) mapped at: [0x0000021180000000-0x0000021180c90000-0x0000021180c90000), size 13172736, SharedBaseAddress: 0x0000021180000000, ArchiveRelocationMode: 1.
Compressed class space mapped at: 0x0000021181000000-0x00000211c1000000, reserved size: 1073741824
Narrow klass base: 0x0000021180000000, Narrow klass shift: 0, Narrow klass range: 0x100000000

GC Precious Log:
 CardTable entry size: 512
 Card Set container configuration: InlinePtr #cards 5 size 8 Array Of Cards #cards 12 size 40 Howl #buckets 4 coarsen threshold 1843 Howl Bitmap #cards 512 size 80 coarsen threshold 460 Card regions per heap region 1 cards per card region 2048
 CPUs: 4 total, 4 available
 Memory: 3978M
 Large Page Support: Disabled
 NUMA Support: Disabled
 Compressed Oops: Enabled (32-bit)
 Heap Region Size: 1M
 Heap Min Capacity: 8M
 Heap Initial Capacity: 64M
 Heap Max Capacity: 996M
 Pre-touch: Disabled
 Parallel Workers: 4
 Concurrent Workers: 1
 Concurrent Refinement Workers: 4
 Periodic GC: Disabled

Heap:
 garbage-first heap   total 58368K, used 34742K [0x00000000c1c00000, 0x0000000100000000)
  region size 1024K, 8 young (8192K), 3 survivors (3072K)
 Metaspace       used 67842K, committed 68416K, reserved 1114112K
  class space    used 9104K, committed 9344K, reserved 1048576K

Heap Regions: E=young(eden), S=young(survivor), O=old, HS=humongous(starts), HC=humongous(continues), CS=collection set, F=free, TAMS=top-at-mark-start, PB=parsable bottom
|   0|0x00000000c1c00000, 0x00000000c1d00000, 0x00000000c1d00000|100%|HS|  |TAMS 0x00000000c1c00000| PB 0x00000000c1c00000| Complete 
|   1|0x00000000c1d00000, 0x00000000c1e00000, 0x00000000c1e00000|100%|HS|  |TAMS 0x00000000c1d00000| PB 0x00000000c1d00000| Complete 
|   2|0x00000000c1e00000, 0x00000000c1f00000, 0x00000000c1f00000|100%| O|  |TAMS 0x00000000c1e00000| PB 0x00000000c1e00000| Untracked 
|   3|0x00000000c1f00000, 0x00000000c2000000, 0x00000000c2000000|100%| O|  |TAMS 0x00000000c1f00000| PB 0x00000000c1f00000| Untracked 
|   4|0x00000000c2000000, 0x00000000c2100000, 0x00000000c2100000|100%| O|  |TAMS 0x00000000c2000000| PB 0x00000000c2000000| Untracked 
|   5|0x00000000c2100000, 0x00000000c2200000, 0x00000000c2200000|100%| O|  |TAMS 0x00000000c2100000| PB 0x00000000c2100000| Untracked 
|   6|0x00000000c2200000, 0x00000000c2300000, 0x00000000c2300000|100%| O|  |TAMS 0x00000000c2200000| PB 0x00000000c2200000| Untracked 
|   7|0x00000000c2300000, 0x00000000c2400000, 0x00000000c2400000|100%| O|  |TAMS 0x00000000c2300000| PB 0x00000000c2300000| Untracked 
|   8|0x00000000c2400000, 0x00000000c2500000, 0x00000000c2500000|100%| O|  |TAMS 0x00000000c2400000| PB 0x00000000c2400000| Untracked 
|   9|0x00000000c2500000, 0x00000000c2600000, 0x00000000c2600000|100%| O|  |TAMS 0x00000000c2500000| PB 0x00000000c2500000| Untracked 
|  10|0x00000000c2600000, 0x00000000c2700000, 0x00000000c2700000|100%| O|  |TAMS 0x00000000c2600000| PB 0x00000000c2600000| Untracked 
|  11|0x00000000c2700000, 0x00000000c2800000, 0x00000000c2800000|100%| O|  |TAMS 0x00000000c2700000| PB 0x00000000c2700000| Untracked 
|  12|0x00000000c2800000, 0x00000000c2900000, 0x00000000c2900000|100%| O|  |TAMS 0x00000000c2800000| PB 0x00000000c2800000| Untracked 
|  13|0x00000000c2900000, 0x00000000c2a00000, 0x00000000c2a00000|100%| O|  |TAMS 0x00000000c2900000| PB 0x00000000c2900000| Untracked 
|  14|0x00000000c2a00000, 0x00000000c2b00000, 0x00000000c2b00000|100%| O|  |TAMS 0x00000000c2a00000| PB 0x00000000c2a00000| Untracked 
|  15|0x00000000c2b00000, 0x00000000c2c00000, 0x00000000c2c00000|100%| O|  |TAMS 0x00000000c2b00000| PB 0x00000000c2b00000| Untracked 
|  16|0x00000000c2c00000, 0x00000000c2c00000, 0x00000000c2d00000|  0%| F|  |TAMS 0x00000000c2c00000| PB 0x00000000c2c00000| Untracked 
|  17|0x00000000c2d00000, 0x00000000c2e00000, 0x00000000c2e00000|100%| O|  |TAMS 0x00000000c2d00000| PB 0x00000000c2d00000| Untracked 
|  18|0x00000000c2e00000, 0x00000000c2f00000, 0x00000000c2f00000|100%| O|  |TAMS 0x00000000c2e00000| PB 0x00000000c2e00000| Untracked 
|  19|0x00000000c2f00000, 0x00000000c3000000, 0x00000000c3000000|100%| O|  |TAMS 0x00000000c2f00000| PB 0x00000000c2f00000| Untracked 
|  20|0x00000000c3000000, 0x00000000c3100000, 0x00000000c3100000|100%| O|  |TAMS 0x00000000c3000000| PB 0x00000000c3000000| Untracked 
|  21|0x00000000c3100000, 0x00000000c3200000, 0x00000000c3200000|100%| O|  |TAMS 0x00000000c3100000| PB 0x00000000c3100000| Untracked 
|  22|0x00000000c3200000, 0x00000000c3300000, 0x00000000c3300000|100%| O|  |TAMS 0x00000000c3200000| PB 0x00000000c3200000| Untracked 
|  23|0x00000000c3300000, 0x00000000c3400000, 0x00000000c3400000|100%| O|  |TAMS 0x00000000c3300000| PB 0x00000000c3300000| Untracked 
|  24|0x00000000c3400000, 0x00000000c3500000, 0x00000000c3500000|100%| O|  |TAMS 0x00000000c3400000| PB 0x00000000c3400000| Untracked 
|  25|0x00000000c3500000, 0x00000000c3600000, 0x00000000c3600000|100%| O|  |TAMS 0x00000000c3500000| PB 0x00000000c3500000| Untracked 
|  26|0x00000000c3600000, 0x00000000c3700000, 0x00000000c3700000|100%| O|  |TAMS 0x00000000c3600000| PB 0x00000000c3600000| Untracked 
|  27|0x00000000c3700000, 0x00000000c3700000, 0x00000000c3800000|  0%| F|  |TAMS 0x00000000c3700000| PB 0x00000000c3700000| Untracked 
|  28|0x00000000c3800000, 0x00000000c3800000, 0x00000000c3900000|  0%| F|  |TAMS 0x00000000c3800000| PB 0x00000000c3800000| Untracked 
|  29|0x00000000c3900000, 0x00000000c3900000, 0x00000000c3a00000|  0%| F|  |TAMS 0x00000000c3900000| PB 0x00000000c3900000| Untracked 
|  30|0x00000000c3a00000, 0x00000000c3a00000, 0x00000000c3b00000|  0%| F|  |TAMS 0x00000000c3a00000| PB 0x00000000c3a00000| Untracked 
|  31|0x00000000c3b00000, 0x00000000c3c00000, 0x00000000c3c00000|100%| O|  |TAMS 0x00000000c3b00000| PB 0x00000000c3b00000| Untracked 
|  32|0x00000000c3c00000, 0x00000000c3c66a00, 0x00000000c3d00000| 40%| O|  |TAMS 0x00000000c3c00000| PB 0x00000000c3c00000| Untracked 
|  33|0x00000000c3d00000, 0x00000000c3d00000, 0x00000000c3e00000|  0%| F|  |TAMS 0x00000000c3d00000| PB 0x00000000c3d00000| Untracked 
|  34|0x00000000c3e00000, 0x00000000c3e86f00, 0x00000000c3f00000| 52%| S|CS|TAMS 0x00000000c3e00000| PB 0x00000000c3e00000| Complete 
|  35|0x00000000c3f00000, 0x00000000c4000000, 0x00000000c4000000|100%| S|CS|TAMS 0x00000000c3f00000| PB 0x00000000c3f00000| Complete 
|  36|0x00000000c4000000, 0x00000000c4100000, 0x00000000c4100000|100%| S|CS|TAMS 0x00000000c4000000| PB 0x00000000c4000000| Complete 
|  37|0x00000000c4100000, 0x00000000c4100000, 0x00000000c4200000|  0%| F|  |TAMS 0x00000000c4100000| PB 0x00000000c4100000| Untracked 
|  38|0x00000000c4200000, 0x00000000c4200000, 0x00000000c4300000|  0%| F|  |TAMS 0x00000000c4200000| PB 0x00000000c4200000| Untracked 
|  39|0x00000000c4300000, 0x00000000c4300000, 0x00000000c4400000|  0%| F|  |TAMS 0x00000000c4300000| PB 0x00000000c4300000| Untracked 
|  40|0x00000000c4400000, 0x00000000c4400000, 0x00000000c4500000|  0%| F|  |TAMS 0x00000000c4400000| PB 0x00000000c4400000| Untracked 
|  41|0x00000000c4500000, 0x00000000c4500000, 0x00000000c4600000|  0%| F|  |TAMS 0x00000000c4500000| PB 0x00000000c4500000| Untracked 
|  42|0x00000000c4600000, 0x00000000c4600000, 0x00000000c4700000|  0%| F|  |TAMS 0x00000000c4600000| PB 0x00000000c4600000| Untracked 
|  43|0x00000000c4700000, 0x00000000c4700000, 0x00000000c4800000|  0%| F|  |TAMS 0x00000000c4700000| PB 0x00000000c4700000| Untracked 
|  44|0x00000000c4800000, 0x00000000c4800000, 0x00000000c4900000|  0%| F|  |TAMS 0x00000000c4800000| PB 0x00000000c4800000| Untracked 
|  45|0x00000000c4900000, 0x00000000c4900000, 0x00000000c4a00000|  0%| F|  |TAMS 0x00000000c4900000| PB 0x00000000c4900000| Untracked 
|  46|0x00000000c4a00000, 0x00000000c4a00000, 0x00000000c4b00000|  0%| F|  |TAMS 0x00000000c4a00000| PB 0x00000000c4a00000| Untracked 
|  47|0x00000000c4b00000, 0x00000000c4b00000, 0x00000000c4c00000|  0%| F|  |TAMS 0x00000000c4b00000| PB 0x00000000c4b00000| Untracked 
|  48|0x00000000c4c00000, 0x00000000c4c00000, 0x00000000c4d00000|  0%| F|  |TAMS 0x00000000c4c00000| PB 0x00000000c4c00000| Untracked 
|  49|0x00000000c4d00000, 0x00000000c4d00000, 0x00000000c4e00000|  0%| F|  |TAMS 0x00000000c4d00000| PB 0x00000000c4d00000| Untracked 
|  50|0x00000000c4e00000, 0x00000000c4e00000, 0x00000000c4f00000|  0%| F|  |TAMS 0x00000000c4e00000| PB 0x00000000c4e00000| Untracked 
|  51|0x00000000c4f00000, 0x00000000c4f00000, 0x00000000c5000000|  0%| F|  |TAMS 0x00000000c4f00000| PB 0x00000000c4f00000| Untracked 
|  52|0x00000000c5000000, 0x00000000c50d7c70, 0x00000000c5100000| 84%| E|  |TAMS 0x00000000c5000000| PB 0x00000000c5000000| Complete 
|  53|0x00000000c5100000, 0x00000000c5200000, 0x00000000c5200000|100%| E|CS|TAMS 0x00000000c5100000| PB 0x00000000c5100000| Complete 
|  54|0x00000000c5200000, 0x00000000c5300000, 0x00000000c5300000|100%| E|CS|TAMS 0x00000000c5200000| PB 0x00000000c5200000| Complete 
|  55|0x00000000c5300000, 0x00000000c5400000, 0x00000000c5400000|100%| E|CS|TAMS 0x00000000c5300000| PB 0x00000000c5300000| Complete 
|  63|0x00000000c5b00000, 0x00000000c5c00000, 0x00000000c5c00000|100%| E|CS|TAMS 0x00000000c5b00000| PB 0x00000000c5b00000| Complete 

Card table byte_map: [0x00000211e8ba0000,0x00000211e8da0000] _byte_map_base: 0x00000211e8592000

Marking Bits: (CMBitMap*) 0x00000211d1525510
 Bits: [0x00000211e8da0000, 0x00000211e9d30000)

Polling page: 0x00000211d0cc0000

Metaspace:

Usage:
  Non-class:     57.36 MB used.
      Class:      8.89 MB used.
       Both:     66.25 MB used.

Virtual space:
  Non-class space:       64.00 MB reserved,      57.69 MB ( 90%) committed,  1 nodes.
      Class space:        1.00 GB reserved,       9.12 MB ( <1%) committed,  1 nodes.
             Both:        1.06 GB reserved,      66.81 MB (  6%) committed. 

Chunk freelists:
   Non-Class:  5.58 MB
       Class:  6.88 MB
        Both:  12.45 MB

MaxMetaspaceSize: unlimited
CompressedClassSpaceSize: 1.00 GB
Initial GC threshold: 21.00 MB
Current GC threshold: 97.94 MB
CDS: on
 - commit_granule_bytes: 65536.
 - commit_granule_words: 8192.
 - virtual_space_node_default_size: 8388608.
 - enlarge_chunks_in_place: 1.
 - use_allocation_guard: 0.


Internal statistics:

num_allocs_failed_limit: 9.
num_arena_births: 876.
num_arena_deaths: 0.
num_vsnodes_births: 2.
num_vsnodes_deaths: 0.
num_space_committed: 1068.
num_space_uncommitted: 0.
num_chunks_returned_to_freelist: 9.
num_chunks_taken_from_freelist: 3281.
num_chunk_merges: 9.
num_chunk_splits: 2341.
num_chunks_enlarged: 1812.
num_inconsistent_stats: 0.

CodeHeap 'non-profiled nmethods': size=120000Kb used=2961Kb max_used=2961Kb free=117038Kb
 bounds [0x00000211e1470000, 0x00000211e1760000, 0x00000211e89a0000]
CodeHeap 'profiled nmethods': size=120000Kb used=10264Kb max_used=10264Kb free=109735Kb
 bounds [0x00000211d99a0000, 0x00000211da3b0000, 0x00000211e0ed0000]
CodeHeap 'non-nmethods': size=5760Kb used=1683Kb max_used=1764Kb free=4076Kb
 bounds [0x00000211e0ed0000, 0x00000211e1140000, 0x00000211e1470000]
 total_blobs=6109 nmethods=5397 adapters=616
 compilation: enabled
              stopped_count=0, restarted_count=0
 full_count=0

Compilation events (20 events):
Event: 27.368 Thread 0x00000211ec19b390 nmethod 5950 0x00000211e174b790 code [0x00000211e174b920, 0x00000211e174ba38]
Event: 27.368 Thread 0x00000211ec19b390 5951       4       org.springframework.boot.autoconfigure.condition.ConditionEvaluationReport$$Lambda/0x0000021181903560::accept (20 bytes)
Event: 27.377 Thread 0x00000211ec19b390 nmethod 5951 0x00000211e174bb10 code [0x00000211e174bce0, 0x00000211e174c0e0]
Event: 27.377 Thread 0x00000211ec19b390 5952       4       org.springframework.boot.autoconfigure.condition.ConditionEvaluationReport::lambda$addNoMatchOutcomeToAncestors$2 (41 bytes)
Event: 27.382 Thread 0x00000211ec19b390 nmethod 5952 0x00000211e174c490 code [0x00000211e174c640, 0x00000211e174c958]
Event: 27.382 Thread 0x00000211ec19b390 5614       4       java.lang.reflect.Modifier::isPrivate (12 bytes)
Event: 27.383 Thread 0x00000211ec19b390 nmethod 5614 0x00000211e174cc90 code [0x00000211e174ce00, 0x00000211e174ce70]
Event: 27.383 Thread 0x00000211ec19b390 5477       4       org.springframework.core.annotation.MergedAnnotations::from (41 bytes)
Event: 27.445 Thread 0x00000211ec19b390 nmethod 5477 0x00000211e174cf90 code [0x00000211e174d260, 0x00000211e174e8b0]
Event: 27.446 Thread 0x00000211ec19b390 5478       4       org.springframework.core.annotation.TypeMappedAnnotations::from (27 bytes)
Event: 27.512 Thread 0x00000211ec19b390 nmethod 5478 0x00000211e174f710 code [0x00000211e174f9e0, 0x00000211e1750e18]
Event: 27.512 Thread 0x00000211ec19b390 5621       4       org.springframework.core.annotation.AnnotationsScanner::isKnownEmpty (62 bytes)
Event: 27.560 Thread 0x00000211ec19b390 nmethod 5621 0x00000211e1751b90 code [0x00000211e1751e60, 0x00000211e1752f60]
Event: 27.560 Thread 0x00000211ec19b390 5475       4       org.springframework.core.annotation.MergedAnnotations::from (11 bytes)
Event: 27.561 Thread 0x00000211ec19b390 nmethod 5475 0x00000211e1753a90 code [0x00000211e1753c20, 0x00000211e1753cc0]
Event: 27.561 Thread 0x00000211ec19b390 5630       4       java.util.LinkedHashMap$LinkedKeySet::iterator (16 bytes)
Event: 27.565 Thread 0x00000211ec19b390 nmethod 5630 0x00000211e1753d90 code [0x00000211e1753f20, 0x00000211e1754158]
Event: 27.565 Thread 0x00000211ec19b390 5959       4       java.util.AbstractMap::<init> (5 bytes)
Event: 27.566 Thread 0x00000211ec19b390 nmethod 5959 0x00000211e1754290 code [0x00000211e1754420, 0x00000211e17544a8]
Event: 27.566 Thread 0x00000211ec19b390 5844       4       org.springframework.core.BridgeMethodResolver::resolveBridgeMethod (180 bytes)

GC Heap History (20 events):
Event: 8.246 GC heap before
{Heap before GC invocations=4 (full 0):
 garbage-first heap   total 65536K, used 20794K [0x00000000c1c00000, 0x0000000100000000)
  region size 1024K, 13 young (13312K), 5 survivors (5120K)
 Metaspace       used 21218K, committed 21504K, reserved 1114112K
  class space    used 2669K, committed 2816K, reserved 1048576K
}
Event: 8.259 GC heap after
{Heap after GC invocations=5 (full 0):
 garbage-first heap   total 65536K, used 14782K [0x00000000c1c00000, 0x0000000100000000)
  region size 1024K, 2 young (2048K), 2 survivors (2048K)
 Metaspace       used 21218K, committed 21504K, reserved 1114112K
  class space    used 2669K, committed 2816K, reserved 1048576K
}
Event: 10.762 GC heap before
{Heap before GC invocations=6 (full 0):
 garbage-first heap   total 58368K, used 46526K [0x00000000c1c00000, 0x0000000100000000)
  region size 1024K, 33 young (33792K), 2 survivors (2048K)
 Metaspace       used 26409K, committed 26816K, reserved 1114112K
  class space    used 3351K, committed 3520K, reserved 1048576K
}
Event: 10.771 GC heap after
{Heap after GC invocations=7 (full 0):
 garbage-first heap   total 58368K, used 17421K [0x00000000c1c00000, 0x0000000100000000)
  region size 1024K, 4 young (4096K), 4 survivors (4096K)
 Metaspace       used 26409K, committed 26816K, reserved 1114112K
  class space    used 3351K, committed 3520K, reserved 1048576K
}
Event: 12.499 GC heap before
{Heap before GC invocations=7 (full 0):
 garbage-first heap   total 58368K, used 43021K [0x00000000c1c00000, 0x0000000100000000)
  region size 1024K, 30 young (30720K), 4 survivors (4096K)
 Metaspace       used 31151K, committed 31616K, reserved 1114112K
  class space    used 4037K, committed 4224K, reserved 1048576K
}
Event: 12.524 GC heap after
{Heap after GC invocations=8 (full 0):
 garbage-first heap   total 58368K, used 20255K [0x00000000c1c00000, 0x0000000100000000)
  region size 1024K, 3 young (3072K), 3 survivors (3072K)
 Metaspace       used 31151K, committed 31616K, reserved 1114112K
  class space    used 4037K, committed 4224K, reserved 1048576K
}
Event: 13.710 GC heap before
{Heap before GC invocations=8 (full 0):
 garbage-first heap   total 58368K, used 36639K [0x00000000c1c00000, 0x0000000100000000)
  region size 1024K, 20 young (20480K), 3 survivors (3072K)
 Metaspace       used 35498K, committed 35968K, reserved 1114112K
  class space    used 4738K, committed 4992K, reserved 1048576K
}
Event: 13.725 GC heap after
{Heap after GC invocations=9 (full 0):
 garbage-first heap   total 58368K, used 20869K [0x00000000c1c00000, 0x0000000100000000)
  region size 1024K, 1 young (1024K), 1 survivors (1024K)
 Metaspace       used 35498K, committed 35968K, reserved 1114112K
  class space    used 4738K, committed 4992K, reserved 1048576K
}
Event: 18.995 GC heap before
{Heap before GC invocations=10 (full 0):
 garbage-first heap   total 58368K, used 47493K [0x00000000c1c00000, 0x0000000100000000)
  region size 1024K, 27 young (27648K), 1 survivors (1024K)
 Metaspace       used 46114K, committed 46656K, reserved 1114112K
  class space    used 6015K, committed 6272K, reserved 1048576K
}
Event: 19.009 GC heap after
{Heap after GC invocations=11 (full 0):
 garbage-first heap   total 58368K, used 23848K [0x00000000c1c00000, 0x0000000100000000)
  region size 1024K, 4 young (4096K), 4 survivors (4096K)
 Metaspace       used 46114K, committed 46656K, reserved 1114112K
  class space    used 6015K, committed 6272K, reserved 1048576K
}
Event: 21.099 GC heap before
{Heap before GC invocations=11 (full 0):
 garbage-first heap   total 58368K, used 47400K [0x00000000c1c00000, 0x0000000100000000)
  region size 1024K, 28 young (28672K), 4 survivors (4096K)
 Metaspace       used 52746K, committed 53248K, reserved 1114112K
  class space    used 6918K, committed 7168K, reserved 1048576K
}
Event: 21.118 GC heap after
{Heap after GC invocations=12 (full 0):
 garbage-first heap   total 58368K, used 25180K [0x00000000c1c00000, 0x0000000100000000)
  region size 1024K, 2 young (2048K), 2 survivors (2048K)
 Metaspace       used 52746K, committed 53248K, reserved 1114112K
  class space    used 6918K, committed 7168K, reserved 1048576K
}
Event: 22.784 GC heap before
{Heap before GC invocations=12 (full 0):
 garbage-first heap   total 58368K, used 48732K [0x00000000c1c00000, 0x0000000100000000)
  region size 1024K, 26 young (26624K), 2 survivors (2048K)
 Metaspace       used 59202K, committed 59840K, reserved 1114112K
  class space    used 7899K, committed 8192K, reserved 1048576K
}
Event: 22.794 GC heap after
{Heap after GC invocations=13 (full 0):
 garbage-first heap   total 58368K, used 26086K [0x00000000c1c00000, 0x0000000100000000)
  region size 1024K, 3 young (3072K), 3 survivors (3072K)
 Metaspace       used 59202K, committed 59840K, reserved 1114112K
  class space    used 7899K, committed 8192K, reserved 1048576K
}
Event: 23.095 GC heap before
{Heap before GC invocations=13 (full 0):
 garbage-first heap   total 58368K, used 27110K [0x00000000c1c00000, 0x0000000100000000)
  region size 1024K, 5 young (5120K), 3 survivors (3072K)
 Metaspace       used 59566K, committed 60096K, reserved 1114112K
  class space    used 7937K, committed 8192K, reserved 1048576K
}
Event: 23.106 GC heap after
{Heap after GC invocations=14 (full 0):
 garbage-first heap   total 58368K, used 26128K [0x00000000c1c00000, 0x0000000100000000)
  region size 1024K, 2 young (2048K), 2 survivors (2048K)
 Metaspace       used 59566K, committed 60096K, reserved 1114112K
  class space    used 7937K, committed 8192K, reserved 1048576K
}
Event: 25.188 GC heap before
{Heap before GC invocations=15 (full 0):
 garbage-first heap   total 58368K, used 50704K [0x00000000c1c00000, 0x0000000100000000)
  region size 1024K, 26 young (26624K), 2 survivors (2048K)
 Metaspace       used 63958K, committed 64512K, reserved 1114112K
  class space    used 8546K, committed 8832K, reserved 1048576K
}
Event: 25.203 GC heap after
{Heap after GC invocations=16 (full 0):
 garbage-first heap   total 58368K, used 28478K [0x00000000c1c00000, 0x0000000100000000)
  region size 1024K, 4 young (4096K), 4 survivors (4096K)
 Metaspace       used 63958K, committed 64512K, reserved 1114112K
  class space    used 8546K, committed 8832K, reserved 1048576K
}
Event: 26.735 GC heap before
{Heap before GC invocations=16 (full 0):
 garbage-first heap   total 58368K, used 48958K [0x00000000c1c00000, 0x0000000100000000)
  region size 1024K, 24 young (24576K), 4 survivors (4096K)
 Metaspace       used 67034K, committed 67712K, reserved 1114112K
  class space    used 8973K, committed 9280K, reserved 1048576K
}
Event: 26.763 GC heap after
{Heap after GC invocations=17 (full 0):
 garbage-first heap   total 58368K, used 30646K [0x00000000c1c00000, 0x0000000100000000)
  region size 1024K, 3 young (3072K), 3 survivors (3072K)
 Metaspace       used 67034K, committed 67712K, reserved 1114112K
  class space    used 8973K, committed 9280K, reserved 1048576K
}

Dll operation events (11 events):
Event: 0.037 Loaded shared library C:\Progra~1\Java\jdk-21.0.10\bin\java.dll
Event: 0.195 Loaded shared library C:\Progra~1\Java\jdk-21.0.10\bin\jsvml.dll
Event: 0.263 Loaded shared library C:\Program Files\Java\jdk-21.0.10\bin\net.dll
Event: 0.271 Loaded shared library C:\Program Files\Java\jdk-21.0.10\bin\nio.dll
Event: 0.282 Loaded shared library C:\Program Files\Java\jdk-21.0.10\bin\zip.dll
Event: 0.445 Loaded shared library C:\Program Files\Java\jdk-21.0.10\bin\management.dll
Event: 0.466 Loaded shared library C:\Program Files\Java\jdk-21.0.10\bin\management_ext.dll
Event: 0.531 Loaded shared library C:\Program Files\Java\jdk-21.0.10\bin\jimage.dll
Event: 9.527 Loaded shared library C:\Program Files\Java\jdk-21.0.10\bin\sunmscapi.dll
Event: 13.260 Loaded shared library C:\Progra~1\Java\jdk-21.0.10\bin\verify.dll
Event: 15.653 Loaded shared library C:\Program Files\Java\jdk-21.0.10\bin\extnet.dll

Deoptimization events (20 events):
Event: 27.117 Thread 0x00000211cf2ffbe0 Uncommon trap: trap_request=0xffffffde fr.pc=0x00000211e156f634 relative=0x0000000000000754
Event: 27.117 Thread 0x00000211cf2ffbe0 Uncommon trap: reason=class_check action=maybe_recompile pc=0x00000211e156f634 method=org.springframework.core.annotation.AnnotationsScanner.isWithoutHierarchy(Ljava/lang/reflect/AnnotatedElement;Ljava/util/function/Predicate;)Z @ 45 c2
Event: 27.117 Thread 0x00000211cf2ffbe0 DEOPT PACKING pc=0x00000211e156f634 sp=0x000000a938bfcc10
Event: 27.117 Thread 0x00000211cf2ffbe0 DEOPT UNPACKING pc=0x00000211e0f246a2 sp=0x000000a938bfcbc8 mode 2
Event: 27.117 Thread 0x00000211cf2ffbe0 Uncommon trap: trap_request=0xffffffde fr.pc=0x00000211e15a81c4 relative=0x00000000000015c4
Event: 27.117 Thread 0x00000211cf2ffbe0 Uncommon trap: reason=class_check action=maybe_recompile pc=0x00000211e15a81c4 method=org.springframework.core.annotation.AnnotationsScanner.processClassHierarchy(Ljava/lang/Object;[ILjava/lang/Class;Lorg/springframework/core/annotation/AnnotationsProcess
Event: 27.118 Thread 0x00000211cf2ffbe0 DEOPT PACKING pc=0x00000211e15a81c4 sp=0x000000a938bfcb50
Event: 27.118 Thread 0x00000211cf2ffbe0 DEOPT UNPACKING pc=0x00000211e0f246a2 sp=0x000000a938bfcb40 mode 2
Event: 27.125 Thread 0x00000211cf2ffbe0 Uncommon trap: trap_request=0xffffffde fr.pc=0x00000211e156f634 relative=0x0000000000000754
Event: 27.125 Thread 0x00000211cf2ffbe0 Uncommon trap: reason=class_check action=maybe_recompile pc=0x00000211e156f634 method=org.springframework.core.annotation.AnnotationsScanner.isWithoutHierarchy(Ljava/lang/reflect/AnnotatedElement;Ljava/util/function/Predicate;)Z @ 45 c2
Event: 27.125 Thread 0x00000211cf2ffbe0 DEOPT PACKING pc=0x00000211e156f634 sp=0x000000a938bfcb70
Event: 27.125 Thread 0x00000211cf2ffbe0 DEOPT UNPACKING pc=0x00000211e0f246a2 sp=0x000000a938bfcb28 mode 2
Event: 27.125 Thread 0x00000211cf2ffbe0 Uncommon trap: trap_request=0xffffffde fr.pc=0x00000211e15a81c4 relative=0x00000000000015c4
Event: 27.125 Thread 0x00000211cf2ffbe0 Uncommon trap: reason=class_check action=maybe_recompile pc=0x00000211e15a81c4 method=org.springframework.core.annotation.AnnotationsScanner.processClassHierarchy(Ljava/lang/Object;[ILjava/lang/Class;Lorg/springframework/core/annotation/AnnotationsProcess
Event: 27.125 Thread 0x00000211cf2ffbe0 DEOPT PACKING pc=0x00000211e15a81c4 sp=0x000000a938bfcab0
Event: 27.125 Thread 0x00000211cf2ffbe0 DEOPT UNPACKING pc=0x00000211e0f246a2 sp=0x000000a938bfcaa0 mode 2
Event: 27.238 Thread 0x00000211cf2ffbe0 Uncommon trap: trap_request=0xffffff45 fr.pc=0x00000211e16f2e20 relative=0x00000000000000e0
Event: 27.238 Thread 0x00000211cf2ffbe0 Uncommon trap: reason=unstable_if action=reinterpret pc=0x00000211e16f2e20 method=java.lang.reflect.Method.isCallerSensitive()Z @ 14 c2
Event: 27.238 Thread 0x00000211cf2ffbe0 DEOPT PACKING pc=0x00000211e16f2e20 sp=0x000000a938bf9a90
Event: 27.238 Thread 0x00000211cf2ffbe0 DEOPT UNPACKING pc=0x00000211e0f246a2 sp=0x000000a938bf9a18 mode 2

Classes loaded (20 events):
Event: 27.243 Loading class java/lang/ProcessHandle$Info
Event: 27.244 Loading class java/lang/ProcessHandle$Info done
Event: 27.267 Loading class java/util/jar/JarInputStream
Event: 27.268 Loading class java/util/zip/ZipInputStream
Event: 27.268 Loading class java/util/zip/ZipInputStream done
Event: 27.268 Loading class java/util/jar/JarInputStream done
Event: 27.268 Loading class java/io/PushbackInputStream
Event: 27.269 Loading class java/io/PushbackInputStream done
Event: 27.270 Loading class sun/security/util/ManifestEntryVerifier
Event: 27.270 Loading class sun/security/util/ManifestEntryVerifier done
Event: 27.280 Loading class java/lang/ProcessBuilder
Event: 27.280 Loading class java/lang/ProcessBuilder done
Event: 27.281 Loading class java/lang/ProcessImpl
Event: 27.282 Loading class java/lang/ProcessImpl done
Event: 27.322 Loading class java/lang/ProcessImpl$2
Event: 27.323 Loading class java/lang/ProcessImpl$2 done
Event: 27.323 Loading class java/lang/Process$PipeInputStream
Event: 27.325 Loading class java/lang/Process$PipeInputStream done
Event: 27.325 Loading class jdk/internal/event/ProcessStartEvent
Event: 27.325 Loading class jdk/internal/event/ProcessStartEvent done

Classes unloaded (0 events):
No events

Classes redefined (0 events):
No events

Internal exceptions (20 events):
Event: 24.751 Thread 0x00000211cf2ffbe0 Exception <a 'java/lang/NoSuchMethodError'{0x00000000c419b118}: 'void java.lang.invoke.Invokers$Holder.invokeExact_MT(java.lang.Object, java.lang.Object, java.lang.Object, java.lang.Object)'> (0x00000000c419b118) 
thrown [s\open\src\hotspot\share\interpreter\linkResolver.cpp, line 773]
Event: 25.062 Thread 0x00000211cf2ffbe0 Exception <a 'java/lang/NoSuchMethodError'{0x00000000c3c42e88}: 'java.lang.Object java.lang.invoke.DirectMethodHandle$Holder.invokeVirtual(java.lang.Object, java.lang.Object, java.lang.Object, java.lang.Object, java.lang.Object, java.lang.Object)'> (0x00000000c3c42e88) 
thrown [s\open\src\hotspot\share\interpreter\linkResolver.cpp, line 773]
Event: 25.093 Thread 0x00000211cf2ffbe0 Exception <a 'java/lang/NoSuchMethodError'{0x00000000c3ca1eb0}: 'void java.lang.invoke.DirectMethodHandle$Holder.invokeInterface(java.lang.Object, java.lang.Object, int)'> (0x00000000c3ca1eb0) 
thrown [s\open\src\hotspot\share\interpreter\linkResolver.cpp, line 773]
Event: 25.102 Thread 0x00000211cf2ffbe0 Exception <a 'java/lang/IncompatibleClassChangeError'{0x00000000c3ce2408}: Found class java.lang.Object, but interface was expected> (0x00000000c3ce2408) 
thrown [s\open\src\hotspot\share\interpreter\linkResolver.cpp, line 840]
Event: 25.103 Thread 0x00000211cf2ffbe0 Exception <a 'java/lang/NoSuchMethodError'{0x00000000c3cf0500}: 'int java.lang.invoke.DirectMethodHandle$Holder.invokeSpecialIFC(java.lang.Object, java.lang.Object, java.lang.Object)'> (0x00000000c3cf0500) 
thrown [s\open\src\hotspot\share\interpreter\linkResolver.cpp, line 773]
Event: 25.106 Thread 0x00000211cf2ffbe0 Exception <a 'java/lang/NoSuchMethodError'{0x00000000c3b053c0}: 'void java.lang.invoke.DirectMethodHandle$Holder.invokeStatic(java.lang.Object, int, java.lang.Object)'> (0x00000000c3b053c0) 
thrown [s\open\src\hotspot\share\interpreter\linkResolver.cpp, line 773]
Event: 25.464 Thread 0x00000211cf2ffbe0 Exception <a 'java/lang/NoSuchMethodError'{0x00000000c53e5bb0}: 'java.lang.Object java.lang.invoke.DirectMethodHandle$Holder.newInvokeSpecial(java.lang.Object, java.lang.Object, java.lang.Object, java.lang.Object, java.lang.Object, java.lang.Object, java.lang.Object, java.lang.Object)'> (0x00000000c53e5bb0) 
thrown [s\open\src\hotspot\share\interpreter\linkResolver.cpp, line 773]
Event: 25.962 Thread 0x00000211cf2ffbe0 Exception <a 'java/lang/NoSuchMethodError'{0x00000000c4dea9a0}: 'java.lang.Object java.lang.invoke.DirectMethodHandle$Holder.invokeStatic(java.lang.Object, int, java.lang.Object, java.lang.Object)'> (0x00000000c4dea9a0) 
thrown [s\open\src\hotspot\share\interpreter\linkResolver.cpp, line 773]
Event: 25.963 Thread 0x00000211cf2ffbe0 Exception <a 'java/lang/NoSuchMethodError'{0x00000000c4def520}: 'java.lang.Object java.lang.invoke.DirectMethodHandle$Holder.invokeSpecial(java.lang.Object, java.lang.Object, int, java.lang.Object, java.lang.Object)'> (0x00000000c4def520) 
thrown [s\open\src\hotspot\share\interpreter\linkResolver.cpp, line 773]
Event: 25.963 Thread 0x00000211cf2ffbe0 Exception <a 'java/lang/NoSuchMethodError'{0x00000000c4df39d8}: 'java.lang.Object java.lang.invoke.DelegatingMethodHandle$Holder.delegate(java.lang.Object, int, java.lang.Object, java.lang.Object)'> (0x00000000c4df39d8) 
thrown [s\open\src\hotspot\share\interpreter\linkResolver.cpp, line 773]
Event: 25.966 Thread 0x00000211cf2ffbe0 Implicit null exception at 0x00000211e1595184 to 0x00000211e159554c
Event: 25.967 Thread 0x00000211cf2ffbe0 Exception <a 'java/lang/NoSuchMethodError'{0x00000000c4c03f80}: 'int java.lang.invoke.Invokers$Holder.linkToTargetMethod(java.lang.Object, java.lang.Object, java.lang.Object)'> (0x00000000c4c03f80) 
thrown [s\open\src\hotspot\share\interpreter\linkResolver.cpp, line 773]
Event: 26.292 Thread 0x00000211cf2ffbe0 Exception <a 'java/lang/IncompatibleClassChangeError'{0x00000000c4896148}: Found class java.lang.Object, but interface was expected> (0x00000000c4896148) 
thrown [s\open\src\hotspot\share\interpreter\linkResolver.cpp, line 840]
Event: 26.499 Thread 0x00000211cf2ffbe0 Exception <a 'java/lang/NoSuchMethodError'{0x00000000c4419258}: 'int java.lang.invoke.DirectMethodHandle$Holder.invokeStaticInit(java.lang.Object, java.lang.Object, java.lang.Object, java.lang.Object)'> (0x00000000c4419258) 
thrown [s\open\src\hotspot\share\interpreter\linkResolver.cpp, line 773]
Event: 26.613 Thread 0x00000211cf2ffbe0 Exception <a 'java/lang/IncompatibleClassChangeError'{0x00000000c4209208}: Found class java.lang.Object, but interface was expected> (0x00000000c4209208) 
thrown [s\open\src\hotspot\share\interpreter\linkResolver.cpp, line 840]
Event: 26.699 Thread 0x00000211cf2ffbe0 Exception <a 'java/lang/NoSuchMethodError'{0x00000000c41691b8}: 'java.lang.Object java.lang.invoke.Invokers$Holder.invoke_MT(java.lang.Object, java.lang.Object, java.lang.Object, java.lang.Object, java.lang.Object, java.lang.Object, java.lang.Object, java.lang.Object, java.lang.Object, java.lang.Object, java.lang.Object)'> (0x00000000c41691b8) 
thrown [s\open\src\hotspot\share\interpreter\linkResolver.cpp, line 773]
Event: 26.886 Thread 0x00000211cf2ffbe0 Exception <a 'java/lang/NoSuchMethodError'{0x00000000c5200eb0}: 'java.lang.Object java.lang.invoke.DirectMethodHandle$Holder.newInvokeSpecial(java.lang.Object, java.lang.Object, int, java.lang.Object, java.lang.Object)'> (0x00000000c5200eb0) 
thrown [s\open\src\hotspot\share\interpreter\linkResolver.cpp, line 773]
Event: 27.238 Thread 0x00000211cf2ffbe0 Exception <a 'java/lang/NoSuchMethodError'{0x00000000c500db60}: method resolution failed> (0x00000000c500db60) 
thrown [s\open\src\hotspot\share\prims\methodHandles.cpp, line 1136]
Event: 27.255 Thread 0x00000211cf2ffbe0 Exception <a 'java/lang/NoSuchMethodError'{0x00000000c50400a8}: 'long java.lang.invoke.DelegatingMethodHandle$Holder.reinvoke_L(java.lang.Object, java.lang.Object)'> (0x00000000c50400a8) 
thrown [s\open\src\hotspot\share\interpreter\linkResolver.cpp, line 773]
Event: 27.322 Thread 0x00000211cf2ffbe0 Exception <a 'java/lang/NoSuchMethodError'{0x00000000c50689c0}: 'void java.lang.invoke.DirectMethodHandle$Holder.invokeStatic(java.lang.Object, long)'> (0x00000000c50689c0) 
thrown [s\open\src\hotspot\share\interpreter\linkResolver.cpp, line 773]

ZGC Phase Switch (0 events):
No events

VM Operations (20 events):
Event: 24.308 Executing VM operation: Cleanup
Event: 24.325 Executing VM operation: Cleanup done
Event: 24.351 Executing VM operation: HandshakeAllThreads (Deoptimize)
Event: 24.351 Executing VM operation: HandshakeAllThreads (Deoptimize) done
Event: 25.188 Executing VM operation: G1CollectForAllocation (G1 Evacuation Pause)
Event: 25.204 Executing VM operation: G1CollectForAllocation (G1 Evacuation Pause) done
Event: 25.791 Executing VM operation: HandshakeAllThreads (Deoptimize)
Event: 25.791 Executing VM operation: HandshakeAllThreads (Deoptimize) done
Event: 25.883 Executing VM operation: HandshakeAllThreads (Deoptimize)
Event: 25.883 Executing VM operation: HandshakeAllThreads (Deoptimize) done
Event: 25.885 Executing VM operation: HandshakeAllThreads (Deoptimize)
Event: 25.885 Executing VM operation: HandshakeAllThreads (Deoptimize) done
Event: 26.312 Executing VM operation: HandshakeAllThreads (Deoptimize)
Event: 26.312 Executing VM operation: HandshakeAllThreads (Deoptimize) done
Event: 26.312 Executing VM operation: Cleanup
Event: 26.312 Executing VM operation: Cleanup done
Event: 26.430 Executing VM operation: HandshakeAllThreads (Deoptimize)
Event: 26.430 Executing VM operation: HandshakeAllThreads (Deoptimize) done
Event: 26.735 Executing VM operation: G1CollectForAllocation (G1 Evacuation Pause)
Event: 26.763 Executing VM operation: G1CollectForAllocation (G1 Evacuation Pause) done

Events (20 events):
Event: 23.245 Thread 0x00000211d15a9620 flushing nmethod 0x00000211d9fb1010
Event: 23.245 Thread 0x00000211d15a9620 flushing nmethod 0x00000211d9fba410
Event: 23.245 Thread 0x00000211d15a9620 flushing nmethod 0x00000211d9fdaf10
Event: 23.245 Thread 0x00000211d15a9620 flushing nmethod 0x00000211d9fdd190
Event: 23.245 Thread 0x00000211d15a9620 flushing nmethod 0x00000211d9fed490
Event: 23.245 Thread 0x00000211d15a9620 flushing nmethod 0x00000211d9fedd90
Event: 23.245 Thread 0x00000211d15a9620 flushing nmethod 0x00000211d9ff1c10
Event: 23.245 Thread 0x00000211d15a9620 flushing nmethod 0x00000211d9ff3890
Event: 23.245 Thread 0x00000211d15a9620 flushing nmethod 0x00000211d9ff5710
Event: 23.245 Thread 0x00000211d15a9620 flushing nmethod 0x00000211d9ff8690
Event: 23.245 Thread 0x00000211d15a9620 flushing nmethod 0x00000211d9ff9a90
Event: 23.245 Thread 0x00000211d15a9620 flushing nmethod 0x00000211da00d390
Event: 23.245 Thread 0x00000211d15a9620 flushing nmethod 0x00000211da02cc10
Event: 23.245 Thread 0x00000211d15a9620 flushing nmethod 0x00000211da054510
Event: 23.245 Thread 0x00000211d15a9620 flushing nmethod 0x00000211da11f610
Event: 23.245 Thread 0x00000211d15a9620 flushing nmethod 0x00000211da121d90
Event: 23.245 Thread 0x00000211d15a9620 flushing nmethod 0x00000211da125f90
Event: 23.245 Thread 0x00000211d15a9620 flushing nmethod 0x00000211da151110
Event: 23.245 Thread 0x00000211d15a9620 flushing nmethod 0x00000211da151a10
Event: 26.097 Thread 0x00000211ecb25640 Thread exited: 0x00000211ecb25640


Dynamic libraries:
0x00007ff65b3e0000 - 0x00007ff65b3f0000 	C:\Progra~1\Java\jdk-21.0.10\bin\java.exe
0x00007fff79cd0000 - 0x00007fff79ec8000 	C:\WINDOWS\SYSTEM32\ntdll.dll
0x00007fff78ad0000 - 0x00007fff78b92000 	C:\WINDOWS\System32\KERNEL32.DLL
0x00007fff779f0000 - 0x00007fff77ce6000 	C:\WINDOWS\System32\KERNELBASE.dll
0x00007fff77390000 - 0x00007fff77490000 	C:\WINDOWS\System32\ucrtbase.dll
0x00007fff54c20000 - 0x00007fff54c39000 	C:\Progra~1\Java\jdk-21.0.10\bin\jli.dll
0x00007fff78110000 - 0x00007fff781c1000 	C:\WINDOWS\System32\ADVAPI32.dll
0x00007fff77cf0000 - 0x00007fff77d8e000 	C:\WINDOWS\System32\msvcrt.dll
0x00007fff78360000 - 0x00007fff783ff000 	C:\WINDOWS\System32\sechost.dll
0x00007fff77ff0000 - 0x00007fff78110000 	C:\WINDOWS\System32\RPCRT4.dll
0x00007fff77360000 - 0x00007fff77387000 	C:\WINDOWS\System32\bcrypt.dll
0x00007fff79a70000 - 0x00007fff79c11000 	C:\WINDOWS\System32\USER32.dll
0x00007fff778a0000 - 0x00007fff778c2000 	C:\WINDOWS\System32\win32u.dll
0x00007fff78c00000 - 0x00007fff78c2b000 	C:\WINDOWS\System32\GDI32.dll
0x00007fff778d0000 - 0x00007fff779e9000 	C:\WINDOWS\System32\gdi32full.dll
0x00007fff77610000 - 0x00007fff776ad000 	C:\WINDOWS\System32\msvcp_win.dll
0x00007fff64310000 - 0x00007fff645ab000 	C:\WINDOWS\WinSxS\amd64_microsoft.windows.common-controls_6595b64144ccf1df_6.0.19041.6456_none_60b8a6cb71f64256\COMCTL32.dll
0x00007fff54c00000 - 0x00007fff54c1e000 	C:\Progra~1\Java\jdk-21.0.10\bin\VCRUNTIME140.dll
0x00007fff6e0a0000 - 0x00007fff6e0aa000 	C:\WINDOWS\SYSTEM32\VERSION.dll
0x00007fff78aa0000 - 0x00007fff78acf000 	C:\WINDOWS\System32\IMM32.DLL
0x00007fff54bf0000 - 0x00007fff54bfc000 	C:\Progra~1\Java\jdk-21.0.10\bin\vcruntime140_1.dll
0x00007fff54b60000 - 0x00007fff54bed000 	C:\Progra~1\Java\jdk-21.0.10\bin\msvcp140.dll
0x00007fff53370000 - 0x00007fff54097000 	C:\Progra~1\Java\jdk-21.0.10\bin\server\jvm.dll
0x00007fff79c20000 - 0x00007fff79c8b000 	C:\WINDOWS\System32\WS2_32.dll
0x00007fff771c0000 - 0x00007fff7720b000 	C:\WINDOWS\SYSTEM32\POWRPROF.dll
0x00007fff61750000 - 0x00007fff61777000 	C:\WINDOWS\SYSTEM32\WINMM.dll
0x00007fff770f0000 - 0x00007fff77102000 	C:\WINDOWS\SYSTEM32\UMPDC.dll
0x00007fff75b30000 - 0x00007fff75b42000 	C:\WINDOWS\SYSTEM32\kernel.appcore.dll
0x00007fff54620000 - 0x00007fff5462a000 	C:\Progra~1\Java\jdk-21.0.10\bin\jimage.dll
0x00007fff75820000 - 0x00007fff75a21000 	C:\WINDOWS\SYSTEM32\DBGHELP.DLL
0x00007fff5af40000 - 0x00007fff5af74000 	C:\WINDOWS\SYSTEM32\dbgcore.DLL
0x00007fff776b0000 - 0x00007fff77732000 	C:\WINDOWS\System32\bcryptPrimitives.dll
0x00007fff54760000 - 0x00007fff54781000 	C:\Progra~1\Java\jdk-21.0.10\bin\java.dll
0x00007fff78ce0000 - 0x00007fff79450000 	C:\WINDOWS\System32\SHELL32.dll
0x00007fff74fa0000 - 0x00007fff75745000 	C:\WINDOWS\SYSTEM32\windows.storage.dll
0x00007fff78580000 - 0x00007fff788d4000 	C:\WINDOWS\System32\combase.dll
0x00007fff76d20000 - 0x00007fff76d4b000 	C:\WINDOWS\SYSTEM32\Wldp.dll
0x00007fff789d0000 - 0x00007fff78a9d000 	C:\WINDOWS\System32\OLEAUT32.dll
0x00007fff77f40000 - 0x00007fff77fed000 	C:\WINDOWS\System32\SHCORE.dll
0x00007fff78300000 - 0x00007fff7835b000 	C:\WINDOWS\System32\shlwapi.dll
0x00007fff77290000 - 0x00007fff772b4000 	C:\WINDOWS\SYSTEM32\profapi.dll
0x00007fff54330000 - 0x00007fff54407000 	C:\Progra~1\Java\jdk-21.0.10\bin\jsvml.dll
0x00007fff542c0000 - 0x00007fff542d1000 	C:\Program Files\Java\jdk-21.0.10\bin\net.dll
0x00007fff6a3d0000 - 0x00007fff6a4da000 	C:\WINDOWS\SYSTEM32\WINHTTP.dll
0x00007fff76a10000 - 0x00007fff76a7a000 	C:\WINDOWS\system32\mswsock.dll
0x00007fff54220000 - 0x00007fff54236000 	C:\Program Files\Java\jdk-21.0.10\bin\nio.dll
0x00007fff54200000 - 0x00007fff54218000 	C:\Program Files\Java\jdk-21.0.10\bin\zip.dll
0x00007fff62db0000 - 0x00007fff62dba000 	C:\Program Files\Java\jdk-21.0.10\bin\management.dll
0x00007fff61ff0000 - 0x00007fff61ffc000 	C:\Program Files\Java\jdk-21.0.10\bin\management_ext.dll
0x00007fff794b0000 - 0x00007fff794b8000 	C:\WINDOWS\System32\PSAPI.DLL
0x00007fff512c0000 - 0x00007fff512ce000 	C:\Program Files\Java\jdk-21.0.10\bin\sunmscapi.dll
0x00007fff77740000 - 0x00007fff7789d000 	C:\WINDOWS\System32\CRYPT32.dll
0x00007fff76d90000 - 0x00007fff76db7000 	C:\WINDOWS\SYSTEM32\ncrypt.dll
0x00007fff76d50000 - 0x00007fff76d8b000 	C:\WINDOWS\SYSTEM32\NTASN1.dll
0x00007fff76c10000 - 0x00007fff76c28000 	C:\WINDOWS\SYSTEM32\CRYPTSP.dll
0x00007fff762f0000 - 0x00007fff76328000 	C:\WINDOWS\system32\rsaenh.dll
0x00007fff77250000 - 0x00007fff7727e000 	C:\WINDOWS\SYSTEM32\USERENV.dll
0x00007fff76c00000 - 0x00007fff76c0c000 	C:\WINDOWS\SYSTEM32\CRYPTBASE.dll
0x00007fff766d0000 - 0x00007fff7670b000 	C:\WINDOWS\SYSTEM32\IPHLPAPI.DLL
0x00007fff794c0000 - 0x00007fff794c8000 	C:\WINDOWS\System32\NSI.dll
0x00007fff526c0000 - 0x00007fff526d0000 	C:\Progra~1\Java\jdk-21.0.10\bin\verify.dll
0x00007fff76710000 - 0x00007fff767da000 	C:\WINDOWS\SYSTEM32\DNSAPI.dll
0x00007fff661f0000 - 0x00007fff661fa000 	C:\Windows\System32\rasadhlp.dll
0x00007fff65d90000 - 0x00007fff65e10000 	C:\WINDOWS\System32\fwpuclnt.dll
0x00007fff526b0000 - 0x00007fff526b9000 	C:\Program Files\Java\jdk-21.0.10\bin\extnet.dll

dbghelp: loaded successfully - version: 4.0.5 - missing functions: none
symbol engine: initialized successfully - sym options: 0x614 - pdb path: .;C:\Progra~1\Java\jdk-21.0.10\bin;C:\WINDOWS\SYSTEM32;C:\WINDOWS\WinSxS\amd64_microsoft.windows.common-controls_6595b64144ccf1df_6.0.19041.6456_none_60b8a6cb71f64256;C:\Progra~1\Java\jdk-21.0.10\bin\server;C:\Program Files\Java\jdk-21.0.10\bin

VM Arguments:
java_command: C:\Users\sowmi\AppData\Local\Temp\surefire12046202209100851268\surefirebooter-20260604190813444_3.jar C:\Users\sowmi\AppData\Local\Temp\surefire12046202209100851268 2026-06-04T19-08-12_550-jvmRun1 surefire-20260604190813444_1tmp surefire_0-20260604190813444_2tmp
java_class_path (initial): C:\Users\sowmi\AppData\Local\Temp\surefire12046202209100851268\surefirebooter-20260604190813444_3.jar
Launcher Type: SUN_STANDARD

[Global flags]
     intx CICompilerCount                          = 3                                         {product} {ergonomic}
     uint ConcGCThreads                            = 1                                         {product} {ergonomic}
     uint G1ConcRefinementThreads                  = 4                                         {product} {ergonomic}
   size_t G1HeapRegionSize                         = 1048576                                   {product} {ergonomic}
    uintx GCDrainStackTargetSize                   = 64                                        {product} {ergonomic}
   size_t InitialHeapSize                          = 67108864                                  {product} {ergonomic}
   size_t MarkStackSize                            = 4194304                                   {product} {ergonomic}
   size_t MaxHeapSize                              = 1044381696                                {product} {ergonomic}
   size_t MaxNewSize                               = 625999872                                 {product} {ergonomic}
   size_t MinHeapDeltaBytes                        = 1048576                                   {product} {ergonomic}
   size_t MinHeapSize                              = 8388608                                   {product} {ergonomic}
    uintx NonNMethodCodeHeapSize                   = 5832780                                {pd product} {ergonomic}
    uintx NonProfiledCodeHeapSize                  = 122912730                              {pd product} {ergonomic}
    uintx ProfiledCodeHeapSize                     = 122912730                              {pd product} {ergonomic}
    uintx ReservedCodeCacheSize                    = 251658240                              {pd product} {ergonomic}
     bool SegmentedCodeCache                       = true                                      {product} {ergonomic}
   size_t SoftMaxHeapSize                          = 1044381696                             {manageable} {ergonomic}
     bool UseCompressedOops                        = true                           {product lp64_product} {ergonomic}
     bool UseG1GC                                  = true                                      {product} {ergonomic}
     bool UseLargePagesIndividualAllocation        = false                                  {pd product} {ergonomic}

Logging:
Log output configuration:
 #0: stdout all=warning uptime,level,tags foldmultilines=false
 #1: stderr all=off uptime,level,tags foldmultilines=false

Environment Variables:
JAVA_HOME=C:/Progra~1/Java/jdk-21.0.10
PATH=C:\Users\sowmi\bin;C:\Program Files\Git\mingw64\bin;C:\Program Files\Git\usr\local\bin;C:\Program Files\Git\usr\bin;C:\Program Files\Git\usr\bin;C:\Program Files\Git\mingw64\bin;C:\Program Files\Git\usr\bin;C:\Users\sowmi\bin;C:\Python313\Scripts;C:\Python313;C:\Program Files\Common Files\Oracle\Java\javapath;C:\WINDOWS\system32;C:\WINDOWS;C:\WINDOWS\System32\Wbem;C:\WINDOWS\System32\WindowsPowerShell\v1.0;C:\WINDOWS\System32\OpenSSH;C:\Program Files\Intel\WiFi\bin;C:\Program Files\Common Files\Intel\WirelessCommon;C:\Program Files\MySQL\MySQL Server 8.0\bin;C:\ProgramData\chocolatey\bin;C:\Program Files\nodejs;C:\Program Files\Git\cmd;C:\Progra~1\Java\jdk-21.0.10\bin;%M2_HOME%\bin;C:\Users\sowmi\Downloads\apache-maven\apache-maven-3.9.15\bin;C:\Program Files\Docker\Docker\resources\bin;C:\Program Files\MySQL\MySQL Shell 8.0\bin;Downloads;C:\Users\sowmi\AppData\Local\Programs\Python\Python312;C:\Users\sowmi\AppData\Local\Programs\Python\Launcher;C:\Users\sowmi\AppData\Local\Microsoft\WindowsApps;C:\Users\sowmi\AppData\Local\Programs\Microsoft VS Code\bin;C:\Users\sowmi\AppData\Roaming\npm;C:\Program Files\JetBrains\IntelliJ IDEA 2025.1.3\bin;C:\Program Files\Git\usr\bin\vendor_perl;C:\Program Files\Git\usr\bin\core_perl
USERNAME=sowmi
SHELL=C:\Program Files\Git\usr\bin\bash.exe
DISPLAY=needs-to-be-defined
LC_CTYPE=en_US.UTF-8
TERM=xterm
TMPDIR=C:\Users\sowmi\AppData\Local\Temp
OS=Windows_NT
PROCESSOR_IDENTIFIER=Intel64 Family 6 Model 142 Stepping 9, GenuineIntel
TMP=C:\Users\sowmi\AppData\Local\Temp
TEMP=C:\Users\sowmi\AppData\Local\Temp




Periodic native trim disabled

---------------  S Y S T E M  ---------------

OS:
 Windows 10 , 64 bit Build 19041 (10.0.19041.5915)
OS uptime: 0 days 8:38 hours
Hyper-V role detected

CPU: total 4 (initial active 4) (2 cores per cpu, 2 threads per core) family 6 model 142 stepping 9 microcode 0xde, cx8, cmov, fxsr, ht, mmx, 3dnowpref, sse, sse2, sse3, ssse3, sse4.1, sse4.2, popcnt, lzcnt, tsc, tscinvbit, avx, avx2, aes, erms, clmul, bmi1, bmi2, adx, fma, vzeroupper, clflush, clflushopt, hv, rdtscp, f16c
Processor Information for all 4 processors :
  Max Mhz: 2304, Current Mhz: 2304, Mhz Limit: 2304

Memory: 4k page, system-wide physical 3978M (266M free)
TotalPageFile size 16266M (AvailPageFile size 4M)
current process WorkingSet (physical memory assigned to process): 215M, peak: 218M
current process commit charge ("private bytes"): 267M, peak: 271M

vm_info: Java HotSpot(TM) 64-Bit Server VM (21.0.10+8-LTS-217) for windows-amd64 JRE (21.0.10+8-LTS-217), built on 2025-12-18T14:59:28Z by "mach5run" with MS VC++ 17.13 (VS2022)

END.
